# JRE version: OpenJDK Runtime Environment (8.0_152-b06) (build 1.8.0_152-release-1136-b06)
# Java VM: OpenJDK 64-Bit Server VM (25.152-b06 mixed mode windows-amd64 compressed oops)
Heap:
 PSYoungGen      total 84480K, used 20244K [0x00000000e0000000, 0x00000000e5e80000, 0x0000000100000000)
  eden space 73216K, 16% used [0x00000000e0000000,0x00000000e0bb3fa0,0x00000000e4780000)
  from space 11264K, 73% used [0x00000000e5200000,0x00000000e5a11210,0x00000000e5d00000)
  to   space 10752K, 0% used [0x00000000e4780000,0x00000000e4780000,0x00000000e5200000)
 ParOldGen       total 85504K, used 9141K [0x00000000a0000000, 0x00000000a5380000, 0x00000000e0000000)
  object space 85504K, 10% used [0x00000000a0000000,0x00000000a08ed6f0,0x00000000a5380000)
 Metaspace       used 31923K, capacity 32438K, committed 32768K, reserved 1077248K
  class space    used 4306K, capacity 4529K, committed 4608K, reserved 1048576K
GC Heap History (10 events):
Event: 2.447 GC heap before
{Heap before GC invocations=3 (full 0):
 PSYoungGen      total 57344K, used 56886K [0x00000000e0000000, 0x00000000e4000000, 0x0000000100000000)
  eden space 49152K, 100% used [0x00000000e0000000,0x00000000e3000000,0x00000000e3000000)
  from space 8192K, 94% used [0x00000000e3800000,0x00000000e3f8d898,0x00000000e4000000)
  to   space 8192K, 0% used [0x00000000e3000000,0x00000000e3000000,0x00000000e3800000)
 ParOldGen       total 131072K, used 24K [0x00000000a0000000, 0x00000000a8000000, 0x00000000e0000000)
  object space 131072K, 0% used [0x00000000a0000000,0x00000000a0006000,0x00000000a8000000)
 Metaspace       used 17197K, capacity 17582K, committed 17792K, reserved 1064960K
  class space    used 2484K, capacity 2651K, committed 2688K, reserved 1048576K
Event: 2.457 GC heap after
Heap after GC invocations=3 (full 0):
 PSYoungGen      total 57344K, used 8188K [0x00000000e0000000, 0x00000000e4000000, 0x0000000100000000)
  eden space 49152K, 0% used [0x00000000e0000000,0x00000000e0000000,0x00000000e3000000)
  from space 8192K, 99% used [0x00000000e3000000,0x00000000e37ff3f0,0x00000000e3800000)
  to   space 8192K, 0% used [0x00000000e3800000,0x00000000e3800000,0x00000000e4000000)
 ParOldGen       total 131072K, used 1666K [0x00000000a0000000, 0x00000000a8000000, 0x00000000e0000000)
  object space 131072K, 1% used [0x00000000a0000000,0x00000000a01a09c0,0x00000000a8000000)
 Metaspace       used 17197K, capacity 17582K, committed 17792K, reserved 1064960K
  class space    used 2484K, capacity 2651K, committed 2688K, reserved 1048576K
}
Event: 3.160 GC heap before
{Heap before GC invocations=4 (full 0):
 PSYoungGen      total 57344K, used 37132K [0x00000000e0000000, 0x00000000e4000000, 0x0000000100000000)
  eden space 49152K, 58% used [0x00000000e0000000,0x00000000e1c43ec0,0x00000000e3000000)
  from space 8192K, 99% used [0x00000000e3000000,0x00000000e37ff3f0,0x00000000e3800000)
  to   space 8192K, 0% used [0x00000000e3800000,0x00000000e3800000,0x00000000e4000000)
 ParOldGen       total 131072K, used 1666K [0x00000000a0000000, 0x00000000a8000000, 0x00000000e0000000)
  object space 131072K, 1% used [0x00000000a0000000,0x00000000a01a09c0,0x00000000a8000000)
 Metaspace       used 20605K, capacity 21072K, committed 21296K, reserved 1067008K
  class space    used 2951K, capacity 3120K, committed 3200K, reserved 1048576K
Event: 3.166 GC heap after
Heap after GC invocations=4 (full 0):
 PSYoungGen      total 57344K, used 8171K [0x00000000e0000000, 0x00000000e4000000, 0x0000000100000000)
  eden space 49152K, 0% used [0x00000000e0000000,0x00000000e0000000,0x00000000e3000000)
  from space 8192K, 99% used [0x00000000e3800000,0x00000000e3ffac80,0x00000000e4000000)
  to   space 8192K, 0% used [0x00000000e3000000,0x00000000e3000000,0x00000000e3800000)
 ParOldGen       total 131072K, used 2899K [0x00000000a0000000, 0x00000000a8000000, 0x00000000e0000000)
  object space 131072K, 2% used [0x00000000a0000000,0x00000000a02d4c38,0x00000000a8000000)
 Metaspace       used 20605K, capacity 21072K, committed 21296K, reserved 1067008K
  class space    used 2951K, capacity 3120K, committed 3200K, reserved 1048576K
}
Event: 3.166 GC heap before
{Heap before GC invocations=5 (full 1):
 PSYoungGen      total 57344K, used 8171K [0x00000000e0000000, 0x00000000e4000000, 0x0000000100000000)
  eden space 49152K, 0% used [0x00000000e0000000,0x00000000e0000000,0x00000000e3000000)
  from space 8192K, 99% used [0x00000000e3800000,0x00000000e3ffac80,0x00000000e4000000)
  to   space 8192K, 0% used [0x00000000e3000000,0x00000000e3000000,0x00000000e3800000)
 ParOldGen       total 131072K, used 2899K [0x00000000a0000000, 0x00000000a8000000, 0x00000000e0000000)
  object space 131072K, 2% used [0x00000000a0000000,0x00000000a02d4c38,0x00000000a8000000)
 Metaspace       used 20605K, capacity 21072K, committed 21296K, reserved 1067008K
  class space    used 2951K, capacity 3120K, committed 3200K, reserved 1048576K
Event: 3.195 GC heap after
Heap after GC invocations=5 (full 1):
 PSYoungGen      total 57344K, used 0K [0x00000000e0000000, 0x00000000e4000000, 0x0000000100000000)
  eden space 49152K, 0% used [0x00000000e0000000,0x00000000e0000000,0x00000000e3000000)
  from space 8192K, 0% used [0x00000000e3800000,0x00000000e3800000,0x00000000e4000000)
  to   space 8192K, 0% used [0x00000000e3000000,0x00000000e3000000,0x00000000e3800000)
 ParOldGen       total 85504K, used 9125K [0x00000000a0000000, 0x00000000a5380000, 0x00000000e0000000)
  object space 85504K, 10% used [0x00000000a0000000,0x00000000a08e96f0,0x00000000a5380000)
 Metaspace       used 20605K, capacity 21072K, committed 21296K, reserved 1067008K
  class space    used 2951K, capacity 3120K, committed 3200K, reserved 1048576K
}
Event: 3.777 GC heap before
{Heap before GC invocations=6 (full 1):
 PSYoungGen      total 57344K, used 49152K [0x00000000e0000000, 0x00000000e4000000, 0x0000000100000000)
  eden space 49152K, 100% used [0x00000000e0000000,0x00000000e3000000,0x00000000e3000000)
  from space 8192K, 0% used [0x00000000e3800000,0x00000000e3800000,0x00000000e4000000)
  to   space 8192K, 0% used [0x00000000e3000000,0x00000000e3000000,0x00000000e3800000)
 ParOldGen       total 85504K, used 9125K [0x00000000a0000000, 0x00000000a5380000, 0x00000000e0000000)
  object space 85504K, 10% used [0x00000000a0000000,0x00000000a08e96f0,0x00000000a5380000)
 Metaspace       used 28148K, capacity 28664K, committed 29056K, reserved 1075200K
  class space    used 3678K, capacity 3874K, committed 3968K, reserved 1048576K
Event: 3.781 GC heap after
Heap after GC invocations=6 (full 1):
 PSYoungGen      total 57344K, used 7563K [0x00000000e0000000, 0x00000000e5d00000, 0x0000000100000000)
  eden space 49152K, 0% used [0x00000000e0000000,0x00000000e0000000,0x00000000e3000000)
  from space 8192K, 92% used [0x00000000e3000000,0x00000000e3762ee0,0x00000000e3800000)
  to   space 11264K, 0% used [0x00000000e5200000,0x00000000e5200000,0x00000000e5d00000)
 ParOldGen       total 85504K, used 9133K [0x00000000a0000000, 0x00000000a5380000, 0x00000000e0000000)
  object space 85504K, 10% used [0x00000000a0000000,0x00000000a08eb6f0,0x00000000a5380000)
 Metaspace       used 28148K, capacity 28664K, committed 29056K, reserved 1075200K
  class space    used 3678K, capacity 3874K, committed 3968K, reserved 1048576K
}
Event: 4.109 GC heap before
{Heap before GC invocations=7 (full 1):
 PSYoungGen      total 57344K, used 56715K [0x00000000e0000000, 0x00000000e5d00000, 0x0000000100000000)
  eden space 49152K, 100% used [0x00000000e0000000,0x00000000e3000000,0x00000000e3000000)
  from space 8192K, 92% used [0x00000000e3000000,0x00000000e3762ee0,0x00000000e3800000)
  to   space 11264K, 0% used [0x00000000e5200000,0x00000000e5200000,0x00000000e5d00000)
 ParOldGen       total 85504K, used 9133K [0x00000000a0000000, 0x00000000a5380000, 0x00000000e0000000)
  object space 85504K, 10% used [0x00000000a0000000,0x00000000a08eb6f0,0x00000000a5380000)
 Metaspace       used 31205K, capacity 31768K, committed 32128K, reserved 1077248K
  class space    used 4186K, capacity 4390K, committed 4480K, reserved 1048576K
Event: 4.115 GC heap after
Heap after GC invocations=7 (full 1):
 PSYoungGen      total 84480K, used 8260K [0x00000000e0000000, 0x00000000e5e80000, 0x0000000100000000)
  eden space 73216K, 0% used [0x00000000e0000000,0x00000000e0000000,0x00000000e4780000)
  from space 11264K, 73% used [0x00000000e5200000,0x00000000e5a11210,0x00000000e5d00000)
  to   space 10752K, 0% used [0x00000000e4780000,0x00000000e4780000,0x00000000e5200000)
 ParOldGen       total 85504K, used 9141K [0x00000000a0000000, 0x00000000a5380000, 0x00000000e0000000)
  object space 85504K, 10% used [0x00000000a0000000,0x00000000a08ed6f0,0x00000000a5380000)
 Metaspace       used 31205K, capacity 31768K, committed 32128K, reserved 1077248K
  class space    used 4186K, capacity 4390K, committed 4480K, reserved 1048576K
}

