# JRE version: OpenJDK Runtime Environment (8.0_202-b03) (build 1.8.0_202-release-1483-b03)
# Java VM: OpenJDK 64-Bit Server VM (25.202-b03 mixed mode windows-amd64 compressed oops)
Heap:
 PSYoungGen      total 310272K, used 133162K [0x00000000e0000000, 0x00000000f5100000, 0x0000000100000000)
  eden space 277504K, 46% used [0x00000000e0000000,0x00000000e7e18a48,0x00000000f0f00000)
  from space 32768K, 12% used [0x00000000f2f00000,0x00000000f32f1e60,0x00000000f4f00000)
  to   space 32768K, 0% used [0x00000000f0f00000,0x00000000f0f00000,0x00000000f2f00000)
 ParOldGen       total 302592K, used 74624K [0x00000000a0000000, 0x00000000b2780000, 0x00000000e0000000)
  object space 302592K, 24% used [0x00000000a0000000,0x00000000a48e0348,0x00000000b2780000)
 Metaspace       used 94423K, capacity 98382K, committed 99072K, reserved 1134592K
  class space    used 12051K, capacity 12886K, committed 13056K, reserved 1048576K
GC Heap History (10 events):
Event: 304.935 GC heap before
{Heap before GC invocations=24 (full 3):
 PSYoungGen      total 273920K, used 269871K [0x00000000e0000000, 0x00000000f3180000, 0x0000000100000000)
  eden space 245248K, 100% used [0x00000000e0000000,0x00000000eef80000,0x00000000eef80000)
  from space 28672K, 85% used [0x00000000f1580000,0x00000000f2d8bda8,0x00000000f3180000)
  to   space 33792K, 0% used [0x00000000eef80000,0x00000000eef80000,0x00000000f1080000)
 ParOldGen       total 209920K, used 77651K [0x00000000a0000000, 0x00000000acd00000, 0x00000000e0000000)
  object space 209920K, 36% used [0x00000000a0000000,0x00000000a4bd4e70,0x00000000acd00000)
 Metaspace       used 93454K, capacity 97732K, committed 97920K, reserved 1134592K
  class space    used 12003K, capacity 12895K, committed 12928K, reserved 1048576K
Event: 304.952 GC heap after
Heap after GC invocations=24 (full 3):
 PSYoungGen      total 258048K, used 19463K [0x00000000e0000000, 0x00000000f2a80000, 0x0000000100000000)
  eden space 238080K, 0% used [0x00000000e0000000,0x00000000e0000000,0x00000000ee880000)
  from space 19968K, 97% used [0x00000000eef80000,0x00000000f0281d00,0x00000000f0300000)
  to   space 33792K, 0% used [0x00000000f0980000,0x00000000f0980000,0x00000000f2a80000)
 ParOldGen       total 209920K, used 77659K [0x00000000a0000000, 0x00000000acd00000, 0x00000000e0000000)
  object space 209920K, 36% used [0x00000000a0000000,0x00000000a4bd6e70,0x00000000acd00000)
 Metaspace       used 93454K, capacity 97732K, committed 97920K, reserved 1134592K
  class space    used 12003K, capacity 12895K, committed 12928K, reserved 1048576K
}
Event: 306.242 GC heap before
{Heap before GC invocations=25 (full 3):
 PSYoungGen      total 258048K, used 257543K [0x00000000e0000000, 0x00000000f2a80000, 0x0000000100000000)
  eden space 238080K, 100% used [0x00000000e0000000,0x00000000ee880000,0x00000000ee880000)
  from space 19968K, 97% used [0x00000000eef80000,0x00000000f0281d00,0x00000000f0300000)
  to   space 33792K, 0% used [0x00000000f0980000,0x00000000f0980000,0x00000000f2a80000)
 ParOldGen       total 209920K, used 77659K [0x00000000a0000000, 0x00000000acd00000, 0x00000000e0000000)
  object space 209920K, 36% used [0x00000000a0000000,0x00000000a4bd6e70,0x00000000acd00000)
 Metaspace       used 93658K, capacity 97980K, committed 98304K, reserved 1134592K
  class space    used 12029K, capacity 12929K, committed 13056K, reserved 1048576K
Event: 306.258 GC heap after
Heap after GC invocations=25 (full 3):
 PSYoungGen      total 272384K, used 18568K [0x00000000e0000000, 0x00000000f4880000, 0x0000000100000000)
  eden space 238592K, 0% used [0x00000000e0000000,0x00000000e0000000,0x00000000ee900000)
  from space 33792K, 54% used [0x00000000f0980000,0x00000000f1ba2188,0x00000000f2a80000)
  to   space 33280K, 0% used [0x00000000ee900000,0x00000000ee900000,0x00000000f0980000)
 ParOldGen       total 209920K, used 77667K [0x00000000a0000000, 0x00000000acd00000, 0x00000000e0000000)
  object space 209920K, 36% used [0x00000000a0000000,0x00000000a4bd8e70,0x00000000acd00000)
 Metaspace       used 93658K, capacity 97980K, committed 98304K, reserved 1134592K
  class space    used 12029K, capacity 12929K, committed 13056K, reserved 1048576K
}
Event: 307.076 GC heap before
{Heap before GC invocations=26 (full 3):
 PSYoungGen      total 272384K, used 159147K [0x00000000e0000000, 0x00000000f4880000, 0x0000000100000000)
  eden space 238592K, 58% used [0x00000000e0000000,0x00000000e8948d28,0x00000000ee900000)
  from space 33792K, 54% used [0x00000000f0980000,0x00000000f1ba2188,0x00000000f2a80000)
  to   space 33280K, 0% used [0x00000000ee900000,0x00000000ee900000,0x00000000f0980000)
 ParOldGen       total 209920K, used 77667K [0x00000000a0000000, 0x00000000acd00000, 0x00000000e0000000)
  object space 209920K, 36% used [0x00000000a0000000,0x00000000a4bd8e70,0x00000000acd00000)
 Metaspace       used 94131K, capacity 98460K, committed 98560K, reserved 1134592K
  class space    used 12094K, capacity 12985K, committed 13056K, reserved 1048576K
Event: 307.093 GC heap after
Heap after GC invocations=26 (full 3):
 PSYoungGen      total 271872K, used 18345K [0x00000000e0000000, 0x00000000f4f00000, 0x0000000100000000)
  eden space 238592K, 0% used [0x00000000e0000000,0x00000000e0000000,0x00000000ee900000)
  from space 33280K, 55% used [0x00000000ee900000,0x00000000efaea560,0x00000000f0980000)
  to   space 32768K, 0% used [0x00000000f2f00000,0x00000000f2f00000,0x00000000f4f00000)
 ParOldGen       total 209920K, used 77675K [0x00000000a0000000, 0x00000000acd00000, 0x00000000e0000000)
  object space 209920K, 37% used [0x00000000a0000000,0x00000000a4bdae70,0x00000000acd00000)
 Metaspace       used 94131K, capacity 98460K, committed 98560K, reserved 1134592K
  class space    used 12094K, capacity 12985K, committed 13056K, reserved 1048576K
}
Event: 307.093 GC heap before
{Heap before GC invocations=27 (full 4):
 PSYoungGen      total 271872K, used 18345K [0x00000000e0000000, 0x00000000f4f00000, 0x0000000100000000)
  eden space 238592K, 0% used [0x00000000e0000000,0x00000000e0000000,0x00000000ee900000)
  from space 33280K, 55% used [0x00000000ee900000,0x00000000efaea560,0x00000000f0980000)
  to   space 32768K, 0% used [0x00000000f2f00000,0x00000000f2f00000,0x00000000f4f00000)
 ParOldGen       total 209920K, used 77675K [0x00000000a0000000, 0x00000000acd00000, 0x00000000e0000000)
  object space 209920K, 37% used [0x00000000a0000000,0x00000000a4bdae70,0x00000000acd00000)
 Metaspace       used 94131K, capacity 98460K, committed 98560K, reserved 1134592K
  class space    used 12094K, capacity 12985K, committed 13056K, reserved 1048576K
Event: 307.353 GC heap after
Heap after GC invocations=27 (full 4):
 PSYoungGen      total 271872K, used 0K [0x00000000e0000000, 0x00000000f4f00000, 0x0000000100000000)
  eden space 238592K, 0% used [0x00000000e0000000,0x00000000e0000000,0x00000000ee900000)
  from space 33280K, 0% used [0x00000000ee900000,0x00000000ee900000,0x00000000f0980000)
  to   space 32768K, 0% used [0x00000000f2f00000,0x00000000f2f00000,0x00000000f4f00000)
 ParOldGen       total 302592K, used 74616K [0x00000000a0000000, 0x00000000b2780000, 0x00000000e0000000)
  object space 302592K, 24% used [0x00000000a0000000,0x00000000a48de348,0x00000000b2780000)
 Metaspace       used 93803K, capacity 97546K, committed 98560K, reserved 1134592K
  class space    used 11993K, capacity 12806K, committed 13056K, reserved 1048576K
}
Event: 308.756 GC heap before
{Heap before GC invocations=28 (full 4):
 PSYoungGen      total 271872K, used 238592K [0x00000000e0000000, 0x00000000f4f00000, 0x0000000100000000)
  eden space 238592K, 100% used [0x00000000e0000000,0x00000000ee900000,0x00000000ee900000)
  from space 33280K, 0% used [0x00000000ee900000,0x00000000ee900000,0x00000000f0980000)
  to   space 32768K, 0% used [0x00000000f2f00000,0x00000000f2f00000,0x00000000f4f00000)
 ParOldGen       total 302592K, used 74616K [0x00000000a0000000, 0x00000000b2780000, 0x00000000e0000000)
  object space 302592K, 24% used [0x00000000a0000000,0x00000000a48de348,0x00000000b2780000)
 Metaspace       used 94335K, capacity 98318K, committed 99072K, reserved 1134592K
  class space    used 12051K, capacity 12886K, committed 13056K, reserved 1048576K
Event: 308.761 GC heap after
Heap after GC invocations=28 (full 4):
 PSYoungGen      total 310272K, used 4039K [0x00000000e0000000, 0x00000000f5100000, 0x0000000100000000)
  eden space 277504K, 0% used [0x00000000e0000000,0x00000000e0000000,0x00000000f0f00000)
  from space 32768K, 12% used [0x00000000f2f00000,0x00000000f32f1e60,0x00000000f4f00000)
  to   space 32768K, 0% used [0x00000000f0f00000,0x00000000f0f00000,0x00000000f2f00000)
 ParOldGen       total 302592K, used 74624K [0x00000000a0000000, 0x00000000b2780000, 0x00000000e0000000)
  object space 302592K, 24% used [0x00000000a0000000,0x00000000a48e0348,0x00000000b2780000)
 Metaspace       used 94335K, capacity 98318K, committed 99072K, reserved 1134592K
  class space    used 12051K, capacity 12886K, committed 13056K, reserved 1048576K
}

