# JRE version: OpenJDK Runtime Environment (8.0_152-b06) (build 1.8.0_152-release-1136-b06)
# Java VM: OpenJDK 64-Bit Server VM (25.152-b06 mixed mode windows-amd64 compressed oops)
Heap:
 PSYoungGen      total 152064K, used 108150K [0x00000000e0000000, 0x00000000ec800000, 0x0000000100000000)
  eden space 140800K, 76% used [0x00000000e0000000,0x00000000e699dbc0,0x00000000e8980000)
  from space 11264K, 0% used [0x00000000e8980000,0x00000000e8980000,0x00000000e9480000)
  to   space 12288K, 0% used [0x00000000ebc00000,0x00000000ebc00000,0x00000000ec800000)
 ParOldGen       total 84992K, used 17347K [0x00000000a0000000, 0x00000000a5300000, 0x00000000e0000000)
  object space 84992K, 20% used [0x00000000a0000000,0x00000000a10f0e50,0x00000000a5300000)
 Metaspace       used 42966K, capacity 43762K, committed 44160K, reserved 1087488K
  class space    used 5667K, capacity 5953K, committed 6016K, reserved 1048576K
GC Heap History (10 events):
Event: 4.609 GC heap before
{Heap before GC invocations=9 (full 1):
 PSYoungGen      total 86016K, used 80260K [0x00000000e0000000, 0x00000000e8280000, 0x0000000100000000)
  eden space 74240K, 100% used [0x00000000e0000000,0x00000000e4880000,0x00000000e4880000)
  from space 11776K, 51% used [0x00000000e4880000,0x00000000e4e61278,0x00000000e5400000)
  to   space 11264K, 0% used [0x00000000e7780000,0x00000000e7780000,0x00000000e8280000)
 ParOldGen       total 84992K, used 9367K [0x00000000a0000000, 0x00000000a5300000, 0x00000000e0000000)
  object space 84992K, 11% used [0x00000000a0000000,0x00000000a0925f98,0x00000000a5300000)
 Metaspace       used 29520K, capacity 30028K, committed 30208K, reserved 1075200K
  class space    used 4070K, capacity 4266K, committed 4352K, reserved 1048576K
Event: 4.614 GC heap after
Heap after GC invocations=9 (full 1):
 PSYoungGen      total 122368K, used 8338K [0x00000000e0000000, 0x00000000e8300000, 0x0000000100000000)
  eden space 111104K, 0% used [0x00000000e0000000,0x00000000e0000000,0x00000000e6c80000)
  from space 11264K, 74% used [0x00000000e7780000,0x00000000e7fa4970,0x00000000e8280000)
  to   space 11264K, 0% used [0x00000000e6c80000,0x00000000e6c80000,0x00000000e7780000)
 ParOldGen       total 84992K, used 9375K [0x00000000a0000000, 0x00000000a5300000, 0x00000000e0000000)
  object space 84992K, 11% used [0x00000000a0000000,0x00000000a0927f98,0x00000000a5300000)
 Metaspace       used 29520K, capacity 30028K, committed 30208K, reserved 1075200K
  class space    used 4070K, capacity 4266K, committed 4352K, reserved 1048576K
}
Event: 5.335 GC heap before
{Heap before GC invocations=10 (full 1):
 PSYoungGen      total 122368K, used 119442K [0x00000000e0000000, 0x00000000e8300000, 0x0000000100000000)
  eden space 111104K, 100% used [0x00000000e0000000,0x00000000e6c80000,0x00000000e6c80000)
  from space 11264K, 74% used [0x00000000e7780000,0x00000000e7fa4970,0x00000000e8280000)
  to   space 11264K, 0% used [0x00000000e6c80000,0x00000000e6c80000,0x00000000e7780000)
 ParOldGen       total 84992K, used 9375K [0x00000000a0000000, 0x00000000a5300000, 0x00000000e0000000)
  object space 84992K, 11% used [0x00000000a0000000,0x00000000a0927f98,0x00000000a5300000)
 Metaspace       used 29534K, capacity 30092K, committed 30464K, reserved 1075200K
  class space    used 4071K, capacity 4266K, committed 4352K, reserved 1048576K
Event: 5.339 GC heap after
Heap after GC invocations=10 (full 1):
 PSYoungGen      total 122368K, used 6582K [0x00000000e0000000, 0x00000000ea180000, 0x0000000100000000)
  eden space 111104K, 0% used [0x00000000e0000000,0x00000000e0000000,0x00000000e6c80000)
  from space 11264K, 58% used [0x00000000e6c80000,0x00000000e72edba8,0x00000000e7780000)
  to   space 11264K, 0% used [0x00000000e9680000,0x00000000e9680000,0x00000000ea180000)
 ParOldGen       total 84992K, used 9375K [0x00000000a0000000, 0x00000000a5300000, 0x00000000e0000000)
  object space 84992K, 11% used [0x00000000a0000000,0x00000000a0927f98,0x00000000a5300000)
 Metaspace       used 29534K, capacity 30092K, committed 30464K, reserved 1075200K
  class space    used 4071K, capacity 4266K, committed 4352K, reserved 1048576K
}
Event: 5.960 GC heap before
{Heap before GC invocations=11 (full 1):
 PSYoungGen      total 122368K, used 117686K [0x00000000e0000000, 0x00000000ea180000, 0x0000000100000000)
  eden space 111104K, 100% used [0x00000000e0000000,0x00000000e6c80000,0x00000000e6c80000)
  from space 11264K, 58% used [0x00000000e6c80000,0x00000000e72edba8,0x00000000e7780000)
  to   space 11264K, 0% used [0x00000000e9680000,0x00000000e9680000,0x00000000ea180000)
 ParOldGen       total 84992K, used 9375K [0x00000000a0000000, 0x00000000a5300000, 0x00000000e0000000)
  object space 84992K, 11% used [0x00000000a0000000,0x00000000a0927f98,0x00000000a5300000)
 Metaspace       used 29536K, capacity 30092K, committed 30464K, reserved 1075200K
  class space    used 4071K, capacity 4266K, committed 4352K, reserved 1048576K
Event: 5.963 GC heap after
Heap after GC invocations=11 (full 1):
 PSYoungGen      total 150016K, used 4592K [0x00000000e0000000, 0x00000000e9f80000, 0x0000000100000000)
  eden space 140800K, 0% used [0x00000000e0000000,0x00000000e0000000,0x00000000e8980000)
  from space 9216K, 49% used [0x00000000e9680000,0x00000000e9afc120,0x00000000e9f80000)
  to   space 11264K, 0% used [0x00000000e8980000,0x00000000e8980000,0x00000000e9480000)
 ParOldGen       total 84992K, used 9383K [0x00000000a0000000, 0x00000000a5300000, 0x00000000e0000000)
  object space 84992K, 11% used [0x00000000a0000000,0x00000000a0929f98,0x00000000a5300000)
 Metaspace       used 29536K, capacity 30092K, committed 30464K, reserved 1075200K
  class space    used 4071K, capacity 4266K, committed 4352K, reserved 1048576K
}
Event: 6.826 GC heap before
{Heap before GC invocations=12 (full 1):
 PSYoungGen      total 150016K, used 81995K [0x00000000e0000000, 0x00000000e9f80000, 0x0000000100000000)
  eden space 140800K, 54% used [0x00000000e0000000,0x00000000e4b96b58,0x00000000e8980000)
  from space 9216K, 49% used [0x00000000e9680000,0x00000000e9afc120,0x00000000e9f80000)
  to   space 11264K, 0% used [0x00000000e8980000,0x00000000e8980000,0x00000000e9480000)
 ParOldGen       total 84992K, used 9383K [0x00000000a0000000, 0x00000000a5300000, 0x00000000e0000000)
  object space 84992K, 11% used [0x00000000a0000000,0x00000000a0929f98,0x00000000a5300000)
 Metaspace       used 34737K, capacity 35386K, committed 35496K, reserved 1079296K
  class space    used 4607K, capacity 4851K, committed 4864K, reserved 1048576K
Event: 6.836 GC heap after
Heap after GC invocations=12 (full 1):
 PSYoungGen      total 152064K, used 10737K [0x00000000e0000000, 0x00000000ec800000, 0x0000000100000000)
  eden space 140800K, 0% used [0x00000000e0000000,0x00000000e0000000,0x00000000e8980000)
  from space 11264K, 95% used [0x00000000e8980000,0x00000000e93fc468,0x00000000e9480000)
  to   space 12288K, 0% used [0x00000000ebc00000,0x00000000ebc00000,0x00000000ec800000)
 ParOldGen       total 84992K, used 9391K [0x00000000a0000000, 0x00000000a5300000, 0x00000000e0000000)
  object space 84992K, 11% used [0x00000000a0000000,0x00000000a092bf98,0x00000000a5300000)
 Metaspace       used 34737K, capacity 35386K, committed 35496K, reserved 1079296K
  class space    used 4607K, capacity 4851K, committed 4864K, reserved 1048576K
}
Event: 6.836 GC heap before
{Heap before GC invocations=13 (full 2):
 PSYoungGen      total 152064K, used 10737K [0x00000000e0000000, 0x00000000ec800000, 0x0000000100000000)
  eden space 140800K, 0% used [0x00000000e0000000,0x00000000e0000000,0x00000000e8980000)
  from space 11264K, 95% used [0x00000000e8980000,0x00000000e93fc468,0x00000000e9480000)
  to   space 12288K, 0% used [0x00000000ebc00000,0x00000000ebc00000,0x00000000ec800000)
 ParOldGen       total 84992K, used 9391K [0x00000000a0000000, 0x00000000a5300000, 0x00000000e0000000)
  object space 84992K, 11% used [0x00000000a0000000,0x00000000a092bf98,0x00000000a5300000)
 Metaspace       used 34737K, capacity 35386K, committed 35496K, reserved 1079296K
  class space    used 4607K, capacity 4851K, committed 4864K, reserved 1048576K
Event: 6.929 GC heap after
Heap after GC invocations=13 (full 2):
 PSYoungGen      total 152064K, used 0K [0x00000000e0000000, 0x00000000ec800000, 0x0000000100000000)
  eden space 140800K, 0% used [0x00000000e0000000,0x00000000e0000000,0x00000000e8980000)
  from space 11264K, 0% used [0x00000000e8980000,0x00000000e8980000,0x00000000e9480000)
  to   space 12288K, 0% used [0x00000000ebc00000,0x00000000ebc00000,0x00000000ec800000)
 ParOldGen       total 84992K, used 17347K [0x00000000a0000000, 0x00000000a5300000, 0x00000000e0000000)
  object space 84992K, 20% used [0x00000000a0000000,0x00000000a10f0e50,0x00000000a5300000)
 Metaspace       used 34693K, capacity 35260K, committed 35496K, reserved 1079296K
  class space    used 4596K, capacity 4809K, committed 4864K, reserved 1048576K
}

